{"D:\\Workspace\\rnTDD\\rnTDD\\src\\component\\ListInput\\ListInput.tsx": {"path":"D:\\Workspace\\rnTDD\\rnTDD\\src\\component\\ListInput\\ListInput.tsx","statementMap":{"0":{"start":{"line":14,"column":35},"end":{"line":28,"column":1}},"1":{"start":{"line":15,"column":28},"end":{"line":15,"column":40}},"2":{"start":{"line":17,"column":2},"end":{"line":27,"column":4}},"3":{"start":{"line":30,"column":15},"end":{"line":34,"column":2}}},"fnMap":{"0":{"name":"(anonymous_0)","decl":{"start":{"line":14,"column":35},"end":{"line":14,"column":36}},"loc":{"start":{"line":14,"column":52},"end":{"line":28,"column":1}},"line":14}},"branchMap":{},"s":{"0":1,"1":2,"2":2,"3":1},"f":{"0":2},"b":{},"_coverageSchema":"1a1c01bbd47fc00a2c39e90264f33305004495a9","hash":"0a5f2397e2c2f21dd9f30ba24f9c5e09f8543435"}
,"D:\\Workspace\\rnTDD\\rnTDD\\src\\component\\ListInput\\index.ts": {"path":"D:\\Workspace\\rnTDD\\rnTDD\\src\\component\\ListInput\\index.ts","statementMap":{},"fnMap":{},"branchMap":{},"s":{},"f":{},"b":{},"_coverageSchema":"1a1c01bbd47fc00a2c39e90264f33305004495a9","hash":"3a3edc53309d2d9dc56745978b575d62a483352d"}
,"D:\\Workspace\\rnTDD\\rnTDD\\src\\screen\\Home\\HomeActions.ts": {"path":"D:\\Workspace\\rnTDD\\rnTDD\\src\\screen\\Home\\HomeActions.ts","statementMap":{"0":{"start":{"line":1,"column":16},"end":{"line":1,"column":22}},"1":{"start":{"line":3,"column":25},"end":{"line":3,"column":47}},"2":{"start":{"line":5,"column":24},"end":{"line":8,"column":2}},"3":{"start":{"line":5,"column":44},"end":{"line":8,"column":1}}},"fnMap":{"0":{"name":"(anonymous_0)","decl":{"start":{"line":5,"column":24},"end":{"line":5,"column":25}},"loc":{"start":{"line":5,"column":44},"end":{"line":8,"column":1}},"line":5}},"branchMap":{},"s":{"0":1,"1":1,"2":1,"3":1},"f":{"0":1},"b":{},"_coverageSchema":"1a1c01bbd47fc00a2c39e90264f33305004495a9","hash":"0df3cf7b2a5ffd44bf6d21db6845a7c092873dc0"}
,"D:\\Workspace\\rnTDD\\rnTDD\\src\\screen\\Home\\HomeReducer.ts": {"path":"D:\\Workspace\\rnTDD\\rnTDD\\src\\screen\\Home\\HomeReducer.ts","statementMap":{"0":{"start":{"line":3,"column":32},"end":{"line":5,"column":1}},"1":{"start":{"line":7,"column":16},"end":{"line":17,"column":1}},"2":{"start":{"line":11,"column":2},"end":{"line":16,"column":3}},"3":{"start":{"line":13,"column":6},"end":{"line":13,"column":45}},"4":{"start":{"line":15,"column":6},"end":{"line":15,"column":19}}},"fnMap":{"0":{"name":"(anonymous_0)","decl":{"start":{"line":7,"column":16},"end":{"line":7,"column":17}},"loc":{"start":{"line":10,"column":16},"end":{"line":17,"column":1}},"line":10}},"branchMap":{"0":{"loc":{"start":{"line":8,"column":2},"end":{"line":8,"column":33}},"type":"default-arg","locations":[{"start":{"line":8,"column":21},"end":{"line":8,"column":33}}],"line":8},"1":{"loc":{"start":{"line":11,"column":2},"end":{"line":16,"column":3}},"type":"switch","locations":[{"start":{"line":12,"column":4},"end":{"line":13,"column":45}},{"start":{"line":14,"column":4},"end":{"line":15,"column":19}}],"line":11}},"s":{"0":1,"1":1,"2":4,"3":1,"4":3},"f":{"0":4},"b":{"0":[3],"1":[1,3]},"_coverageSchema":"1a1c01bbd47fc00a2c39e90264f33305004495a9","hash":"258b379975f1939384979d1063ed1aeb4a6a9024"}
,"D:\\Workspace\\rnTDD\\rnTDD\\src\\screen\\Home\\HomeScreen.tsx": {"path":"D:\\Workspace\\rnTDD\\rnTDD\\src\\screen\\Home\\HomeScreen.tsx","statementMap":{"0":{"start":{"line":8,"column":19},"end":{"line":32,"column":1}},"1":{"start":{"line":9,"column":26},"end":{"line":9,"column":38}},"2":{"start":{"line":10,"column":19},"end":{"line":10,"column":32}},"3":{"start":{"line":12,"column":16},"end":{"line":12,"column":67}},"4":{"start":{"line":12,"column":50},"end":{"line":12,"column":66}},"5":{"start":{"line":14,"column":2},"end":{"line":16,"column":9}},"6":{"start":{"line":15,"column":4},"end":{"line":15,"column":35}},"7":{"start":{"line":18,"column":2},"end":{"line":20,"column":17}},"8":{"start":{"line":19,"column":4},"end":{"line":19,"column":32}},"9":{"start":{"line":22,"column":2},"end":{"line":31,"column":4}},"10":{"start":{"line":28,"column":23},"end":{"line":28,"column":53}}},"fnMap":{"0":{"name":"(anonymous_0)","decl":{"start":{"line":8,"column":19},"end":{"line":8,"column":20}},"loc":{"start":{"line":8,"column":44},"end":{"line":32,"column":1}},"line":8},"1":{"name":"(anonymous_1)","decl":{"start":{"line":12,"column":28},"end":{"line":12,"column":29}},"loc":{"start":{"line":12,"column":50},"end":{"line":12,"column":66}},"line":12},"2":{"name":"(anonymous_2)","decl":{"start":{"line":14,"column":12},"end":{"line":14,"column":13}},"loc":{"start":{"line":14,"column":18},"end":{"line":16,"column":3}},"line":14},"3":{"name":"(anonymous_3)","decl":{"start":{"line":18,"column":12},"end":{"line":18,"column":13}},"loc":{"start":{"line":18,"column":18},"end":{"line":20,"column":3}},"line":18},"4":{"name":"(anonymous_4)","decl":{"start":{"line":28,"column":17},"end":{"line":28,"column":18}},"loc":{"start":{"line":28,"column":23},"end":{"line":28,"column":53}},"line":28}},"branchMap":{},"s":{"0":1,"1":2,"2":2,"3":2,"4":5,"5":2,"6":1,"7":2,"8":1,"9":2,"10":1},"f":{"0":2,"1":5,"2":1,"3":1,"4":1},"b":{},"_coverageSchema":"1a1c01bbd47fc00a2c39e90264f33305004495a9","hash":"d54b25b1ba9e6989efe948221bd68fc8f3f9c8be"}
,"D:\\Workspace\\rnTDD\\rnTDD\\src\\store\\reducer.ts": {"path":"D:\\Workspace\\rnTDD\\rnTDD\\src\\store\\reducer.ts","statementMap":{"0":{"start":{"line":4,"column":17},"end":{"line":6,"column":2}}},"fnMap":{},"branchMap":{},"s":{"0":1},"f":{},"b":{},"_coverageSchema":"1a1c01bbd47fc00a2c39e90264f33305004495a9","hash":"d1fcac3532db473a0d62d0f90992972f4be66ae4"}
,"D:\\Workspace\\rnTDD\\rnTDD\\src\\util\\analytics\\index.ts": {"path":"D:\\Workspace\\rnTDD\\rnTDD\\src\\util\\analytics\\index.ts","statementMap":{"0":{"start":{"line":5,"column":2},"end":{"line":5,"column":27}},"1":{"start":{"line":9,"column":2},"end":{"line":16,"column":3}},"2":{"start":{"line":10,"column":17},"end":{"line":12,"column":6}},"3":{"start":{"line":13,"column":4},"end":{"line":13,"column":16}},"4":{"start":{"line":15,"column":4},"end":{"line":15,"column":16}}},"fnMap":{"0":{"name":"track","decl":{"start":{"line":3,"column":16},"end":{"line":3,"column":21}},"loc":{"start":{"line":3,"column":42},"end":{"line":6,"column":1}},"line":3},"1":{"name":"apiCall","decl":{"start":{"line":8,"column":22},"end":{"line":8,"column":29}},"loc":{"start":{"line":8,"column":46},"end":{"line":17,"column":1}},"line":8}},"branchMap":{},"s":{"0":0,"1":1,"2":1,"3":1,"4":0},"f":{"0":0,"1":1},"b":{},"_coverageSchema":"1a1c01bbd47fc00a2c39e90264f33305004495a9","hash":"e06e8b7db0d64eb53b7bf05574c7d17a4595f34d"}
,"D:\\Workspace\\rnTDD\\rnTDD\\src\\util\\math\\index.ts": {"path":"D:\\Workspace\\rnTDD\\rnTDD\\src\\util\\math\\index.ts","statementMap":{"0":{"start":{"line":4,"column":2},"end":{"line":4,"column":15}},"1":{"start":{"line":8,"column":2},"end":{"line":8,"column":15}},"2":{"start":{"line":9,"column":2},"end":{"line":9,"column":15}}},"fnMap":{"0":{"name":"add","decl":{"start":{"line":3,"column":16},"end":{"line":3,"column":19}},"loc":{"start":{"line":3,"column":50},"end":{"line":5,"column":1}},"line":3},"1":{"name":"addWithTrack","decl":{"start":{"line":7,"column":16},"end":{"line":7,"column":28}},"loc":{"start":{"line":7,"column":59},"end":{"line":10,"column":1}},"line":7}},"branchMap":{},"s":{"0":1,"1":2,"2":2},"f":{"0":1,"1":2},"b":{},"_coverageSchema":"1a1c01bbd47fc00a2c39e90264f33305004495a9","hash":"aaaca3ffc4233291c76db29700dca338705d9df4"}
}
