TN:
SF:src\component\ListInput\ListInput.tsx
FN:14,(anonymous_0)
FNF:1
FNH:1
FNDA:2,(anonymous_0)
DA:14,1
DA:15,2
DA:17,2
DA:30,1
LF:4
LH:4
BRF:0
BRH:0
end_of_record
TN:
SF:src\component\ListInput\index.ts
FNF:0
FNH:0
LF:0
LH:0
BRF:0
BRH:0
end_of_record
TN:
SF:src\screen\Home\HomeActions.ts
FN:5,(anonymous_0)
FNF:1
FNH:1
FNDA:1,(anonymous_0)
DA:1,1
DA:3,1
DA:5,1
LF:3
LH:3
BRF:0
BRH:0
end_of_record
TN:
SF:src\screen\Home\HomeReducer.ts
FN:7,(anonymous_0)
FNF:1
FNH:1
FNDA:4,(anonymous_0)
DA:3,1
DA:7,1
DA:11,4
DA:13,1
DA:15,3
LF:5
LH:5
BRDA:8,0,0,3
BRDA:11,1,0,1
BRDA:11,1,1,3
BRF:3
BRH:3
end_of_record
TN:
SF:src\screen\Home\HomeScreen.tsx
FN:8,(anonymous_0)
FN:12,(anonymous_1)
FN:14,(anonymous_2)
FN:18,(anonymous_3)
FN:28,(anonymous_4)
FNF:5
FNH:5
FNDA:2,(anonymous_0)
FNDA:5,(anonymous_1)
FNDA:1,(anonymous_2)
FNDA:1,(anonymous_3)
FNDA:1,(anonymous_4)
DA:8,1
DA:9,2
DA:10,2
DA:12,5
DA:14,2
DA:15,1
DA:18,2
DA:19,1
DA:22,2
DA:28,1
LF:10
LH:10
BRF:0
BRH:0
end_of_record
TN:
SF:src\store\reducer.ts
FNF:0
FNH:0
DA:4,1
LF:1
LH:1
BRF:0
BRH:0
end_of_record
TN:
SF:src\util\analytics\index.ts
FN:3,track
FN:8,apiCall
FNF:2
FNH:1
FNDA:0,track
FNDA:1,apiCall
DA:5,0
DA:9,1
DA:10,1
DA:13,1
DA:15,0
LF:5
LH:3
BRF:0
BRH:0
end_of_record
TN:
SF:src\util\math\index.ts
FN:3,add
FN:7,addWithTrack
FNF:2
FNH:2
FNDA:1,add
FNDA:2,addWithTrack
DA:4,1
DA:8,2
DA:9,2
LF:3
LH:3
BRF:0
BRH:0
end_of_record
